[
"{\"position\":{\"x\":-0.332424305139724,\"y\":0.168296737744974,\"z\":0.0473387390354187},\"sensor\":\"Sensor\"}"
,
"{\"position\":{\"x\":0.389372651818061,\"y\":-0.558975068659973,\"z\":0.625383757263816},\"sensor\":\"Sensor\"}"
,
"{\"position\":{\"x\":-0.38727899622449,\"y\":-0.0217260654436191,\"z\":0.0892846991742995},\"sensor\":\"Sensor\"}"
,
"{\"position\":{\"x\":0.768828520877713,\"y\":0.189656984085556,\"z\":0.848647505082144},\"sensor\":\"Sensor\"}"
,
"{\"position\":{\"x\":-0.638298630397957,\"y\":-0.402502518709372,\"z\":0.263079504422031},\"sensor\":\"Sensor\"}"
,
"{\"position\":{\"x\":0.245661992417141,\"y\":0.455426535060736,\"z\":-0.691618538437166},\"sensor\":\"Sensor\"}"
,
"{\"position\":{\"x\":0.0509478206118403,\"y\":0.63960171279134,\"z\":-0.795035301730183},\"sensor\":\"Sensor\"}"
,
"{\"position\":{\"x\":0.466671756275775,\"y\":0.777571291726807,\"z\":-0.2009239347041},\"sensor\":\"Sensor\"}"
,
"{\"position\":{\"x\":0.0450573565132775,\"y\":-0.134489233334929,\"z\":0.0702309206032172},\"sensor\":\"Sensor\"}"
,
"{\"position\":{\"x\":-0.308575604099341,\"y\":0.289706276618162,\"z\":0.215380784054862},\"sensor\":\"Sensor\"}"
,
"{\"position\":{\"x\":0.246028862108248,\"y\":-0.757064859472475,\"z\":0.504042403270663},\"sensor\":\"Sensor\"}"
,
"{\"position\":{\"x\":-0.395326968291967,\"y\":0.134891203013281,\"z\":-0.789464691401466},\"sensor\":\"Sensor\"}"
,
"{\"position\":{\"x\":-0.612156197998656,\"y\":0.232151469441317,\"z\":0.000470168526163439},\"sensor\":\"Sensor\"}"
,
"{\"position\":{\"x\":0.861346094099594,\"y\":0.575421131695237,\"z\":0.063952721897083},\"sensor\":\"Sensor\"}"
,
"{\"position\":{\"x\":0.489712651497928,\"y\":-0.215584783179233,\"z\":-0.119089930813533},\"sensor\":\"Sensor\"}"
,
"{\"position\":{\"x\":-0.0340294682683285,\"y\":-0.928310963047559,\"z\":-0.178899972462862},\"sensor\":\"Sensor\"}"
,
"{\"position\":{\"x\":0.788543937446217,\"y\":0.0311760839939272,\"z\":-0.972751372172346},\"sensor\":\"Sensor\"}"
,
"{\"position\":{\"x\":-0.171660571125123,\"y\":-0.475588030441428,\"z\":-0.857962539242119},\"sensor\":\"Sensor\"}"
,
"{\"position\":{\"x\":-0.263314156830214,\"y\":-0.963020297006449,\"z\":0.290347221919094},\"sensor\":\"Sensor\"}"
,
"{\"position\":{\"x\":0.273576641465271,\"y\":-0.423133249528335,\"z\":0.366862793880206},\"sensor\":\"Sensor\"}"
,
"{\"position\":{\"x\":-0.629605976779023,\"y\":0.586007862961004,\"z\":0.533674258416232},\"sensor\":\"Sensor\"}"
,
"{\"position\":{\"x\":-0.945785490339318,\"y\":0.883978055910898,\"z\":0.310986316937957},\"sensor\":\"Sensor\"}"
,
"{\"position\":{\"x\":0.457166225014499,\"y\":-0.616715759496745,\"z\":0.501051956195851},\"sensor\":\"Sensor\"}"
,
"{\"position\":{\"x\":0.31351294156567,\"y\":0.793629800286124,\"z\":-0.615473822481303},\"sensor\":\"Sensor\"}"
,
"{\"position\":{\"x\":0.2492343896193,\"y\":-0.22087481207563,\"z\":0.595157225888077},\"sensor\":\"Sensor\"}"
,
"{\"position\":{\"x\":0.092330439848646,\"y\":-0.78411220047619,\"z\":-0.54316765232308},\"sensor\":\"Sensor\"}"
,
"{\"position\":{\"x\":0.0757791483963923,\"y\":-0.951781271589256,\"z\":-0.661053200015953},\"sensor\":\"Sensor\"}"
,
"{\"position\":{\"x\":0.606876539745745,\"y\":-0.632223797193462,\"z\":-0.216892417271806},\"sensor\":\"Sensor\"}"
,
"{\"position\":{\"x\":0.577520875562445,\"y\":0.057263701405696,\"z\":0.0266470638577194},\"sensor\":\"Sensor\"}"
,
"{\"position\":{\"x\":0.144320018761544,\"y\":0.46676172258754,\"z\":-0.513738394721407},\"sensor\":\"Sensor\"}"
,
"{\"position\":{\"x\":0.304922377283154,\"y\":-0.531722180363952,\"z\":0.255843891856186},\"sensor\":\"Sensor\"}"
,
"{\"position\":{\"x\":-0.649335491110994,\"y\":0.561322386865053,\"z\":0.861293506456986},\"sensor\":\"Sensor\"}"
,
"{\"position\":{\"x\":0.686284969342922,\"y\":-0.924060438819463,\"z\":-0.496004225201364},\"sensor\":\"Sensor\"}"
,
"{\"position\":{\"x\":-0.484215359805568,\"y\":0.137117633775499,\"z\":0.8198403472483},\"sensor\":\"Sensor\"}"
,
"{\"position\":{\"x\":-0.456713880221486,\"y\":-0.800507499879911,\"z\":0.771148409827175},\"sensor\":\"Sensor\"}"
,
"{\"position\":{\"x\":-0.514919965272789,\"y\":0.104464328382374,\"z\":-0.0624803169873156},\"sensor\":\"Sensor\"}"
,
"{\"position\":{\"x\":0.186768556721463,\"y\":-0.659664716929367,\"z\":-0.752760089942396},\"sensor\":\"Sensor\"}"
,
"{\"position\":{\"x\":-0.930579739979948,\"y\":0.974404154032375,\"z\":-0.613787188872557},\"sensor\":\"Sensor\"}"
,
"{\"position\":{\"x\":-0.89790640311881,\"y\":-0.735973091208655,\"z\":0.806733799358758},\"sensor\":\"Sensor\"}"
,
"{\"position\":{\"x\":0.726311217317112,\"y\":0.636851650291817,\"z\":-0.557540223742521},\"sensor\":\"Sensor\"}"
,
"{\"position\":{\"x\":-0.570022295937444,\"y\":-0.767051877966764,\"z\":0.932260519887661},\"sensor\":\"Sensor\"}"
,
"{\"position\":{\"x\":0.743695752683291,\"y\":-0.678422669979174,\"z\":-0.421778317190564},\"sensor\":\"Sensor\"}"
,
"{\"position\":{\"x\":-0.57306861614094,\"y\":-0.0593917533854672,\"z\":0.923321525264625},\"sensor\":\"Sensor\"}"
,
"{\"position\":{\"x\":-0.953013199010966,\"y\":-0.5432518454795,\"z\":0.796387956589142},\"sensor\":\"Sensor\"}"
,
"{\"position\":{\"x\":0.20252071146728,\"y\":-0.0332587889552767,\"z\":-0.922824228641349},\"sensor\":\"Sensor\"}"
,
"{\"position\":{\"x\":0.879837884293512,\"y\":-0.176409819379396,\"z\":-0.264312965811013},\"sensor\":\"Sensor\"}"
,
"{\"position\":{\"x\":0.854748493870072,\"y\":-0.678749680614572,\"z\":0.056907449331848},\"sensor\":\"Sensor\"}"
,
"{\"position\":{\"x\":0.740047613768629,\"y\":-0.997510144658878,\"z\":0.153392881123192},\"sensor\":\"Sensor\"}"
,
"{\"position\":{\"x\":0.520502237963397,\"y\":-0.292786962436885,\"z\":-0.896434499540438},\"sensor\":\"Sensor\"}"
,
"{\"position\":{\"x\":-0.577934955370649,\"y\":-0.522716631703545,\"z\":0.776379742426482},\"sensor\":\"Sensor\"}"
,
"{\"position\":{\"x\":-0.208321227662525,\"y\":0.731442265684625,\"z\":0.875678889248023},\"sensor\":\"Sensor\"}"
,
"{\"position\":{\"x\":-0.89638705400873,\"y\":-0.898595088647769,\"z\":-0.942102031140212},\"sensor\":\"Sensor\"}"
,
"{\"position\":{\"x\":-0.955312048376373,\"y\":0.167424210763897,\"z\":0.796221896891457},\"sensor\":\"Sensor\"}"
,
"{\"position\":{\"x\":0.171893587736874,\"y\":0.812005392867933,\"z\":0.107980994184264},\"sensor\":\"Sensor\"}"
,
"{\"position\":{\"x\":0.748861153395564,\"y\":0.484002752528283,\"z\":-0.181580290535516},\"sensor\":\"Sensor\"}"
,
"{\"position\":{\"x\":-0.641988509123722,\"y\":-0.79297455904939,\"z\":-0.609068625052726},\"sensor\":\"Sensor\"}"
,
"{\"position\":{\"x\":-0.881535243017553,\"y\":-0.42534864794367,\"z\":-0.357808713322636},\"sensor\":\"Sensor\"}"
,
"{\"position\":{\"x\":0.651619016476211,\"y\":0.516500593144039,\"z\":-0.849481428839921},\"sensor\":\"Sensor\"}"
,
"{\"position\":{\"x\":0.684977428399394,\"y\":0.698388350074454,\"z\":-0.813759843533229},\"sensor\":\"Sensor\"}"
,
"{\"position\":{\"x\":0.698159475328251,\"y\":0.330021586486187,\"z\":-0.406550529487144},\"sensor\":\"Sensor\"}"
,
"{\"position\":{\"x\":0.233344250401752,\"y\":0.57137666547818,\"z\":-0.850825527628527},\"sensor\":\"Sensor\"}"
,
"{\"position\":{\"x\":0.505425031208973,\"y\":0.206496298970841,\"z\":0.390723073400644},\"sensor\":\"Sensor\"}"
,
"{\"position\":{\"x\":0.13421142110016,\"y\":-0.156222020970849,\"z\":-0.61886477669186},\"sensor\":\"Sensor\"}"
,
"{\"position\":{\"x\":0.291760103247992,\"y\":-0.670227517993433,\"z\":0.44038914981545},\"sensor\":\"Sensor\"}"
,
"{\"position\":{\"x\":0.401617398774745,\"y\":0.51836772605091,\"z\":-0.641621861069636},\"sensor\":\"Sensor\"}"
,
"{\"position\":{\"x\":-0.351378236133481,\"y\":-0.7583103720732,\"z\":0.812641431533706},\"sensor\":\"Sensor\"}"
,
"{\"position\":{\"x\":0.160683163879376,\"y\":-0.250424339014576,\"z\":0.466152034180053},\"sensor\":\"Sensor\"}"
,
"{\"position\":{\"x\":-0.850099991611561,\"y\":-0.277221503489948,\"z\":-0.129769999834997},\"sensor\":\"Sensor\"}"
,
"{\"position\":{\"x\":0.33321968387518,\"y\":0.150714484885485,\"z\":-0.493049135141516},\"sensor\":\"Sensor\"}"
,
"{\"position\":{\"x\":0.700749434756894,\"y\":-0.790341879651714,\"z\":-0.74736907123465},\"sensor\":\"Sensor\"}"
,
"{\"position\":{\"x\":-0.522414738293192,\"y\":-0.92547680141442,\"z\":0.972776235033073},\"sensor\":\"Sensor\"}"
,
"{\"position\":{\"x\":0.458947316044621,\"y\":-0.825507263423537,\"z\":0.674467518295816},\"sensor\":\"Sensor\"}"
,
"{\"position\":{\"x\":0.50846340186598,\"y\":-0.917775401662817,\"z\":0.384521716954603},\"sensor\":\"Sensor\"}"
,
"{\"position\":{\"x\":0.292760123794036,\"y\":-0.621927455036328,\"z\":-0.721858690588368},\"sensor\":\"Sensor\"}"
,
"{\"position\":{\"x\":0.509291640833592,\"y\":-0.276143039063283,\"z\":0.384430804669392},\"sensor\":\"Sensor\"}"
,
"{\"position\":{\"x\":0.188242656282479,\"y\":0.101906705831941,\"z\":-0.552786544627223},\"sensor\":\"Sensor\"}"
,
"{\"position\":{\"x\":0.343504422647646,\"y\":-0.228160257865261,\"z\":0.925231527944354},\"sensor\":\"Sensor\"}"
,
"{\"position\":{\"x\":-0.0179194218752268,\"y\":-0.852153793453965,\"z\":-0.524007533751444},\"sensor\":\"Sensor\"}"
,
"{\"position\":{\"x\":0.629123307523145,\"y\":-0.553254478127136,\"z\":-0.108971047412231},\"sensor\":\"Sensor\"}"
,
"{\"position\":{\"x\":0.49136957051647,\"y\":-0.894353609377029,\"z\":-0.389938126647404},\"sensor\":\"Sensor\"}"
,
"{\"position\":{\"x\":0.950522609807493,\"y\":-0.402749013331313,\"z\":-0.938125247394536},\"sensor\":\"Sensor\"}"
,
"{\"position\":{\"x\":0.111943585429106,\"y\":-0.254252866038103,\"z\":-0.775728669509706},\"sensor\":\"Sensor\"}"
,
"{\"position\":{\"x\":0.749031290028468,\"y\":-0.397016056809567,\"z\":0.566022981363578},\"sensor\":\"Sensor\"}"
,
"{\"position\":{\"x\":0.892966503899689,\"y\":0.186426821883373,\"z\":-0.379197518432506},\"sensor\":\"Sensor\"}"
,
"{\"position\":{\"x\":0.797282590591446,\"y\":-0.897774561180656,\"z\":0.970458833721012},\"sensor\":\"Sensor\"}"
,
"{\"position\":{\"x\":-0.613805951572302,\"y\":-0.276599349411855,\"z\":-0.413300080906818},\"sensor\":\"Sensor\"}"
,
"{\"position\":{\"x\":-0.0822645464697778,\"y\":0.664516265726624,\"z\":0.232074558528901},\"sensor\":\"Sensor\"}"
,
"{\"position\":{\"x\":-0.0760241825789872,\"y\":-0.387992676850485,\"z\":-0.231949505140796},\"sensor\":\"Sensor\"}"
,
"{\"position\":{\"x\":0.0618983205377754,\"y\":0.54143321592661,\"z\":-0.0192085930913476},\"sensor\":\"Sensor\"}"
,
"{\"position\":{\"x\":-0.811910568403224,\"y\":-0.312419035188959,\"z\":0.168011874653202},\"sensor\":\"Sensor\"}"
,
"{\"position\":{\"x\":0.666102361037902,\"y\":0.607677516969318,\"z\":-0.504171311855677},\"sensor\":\"Sensor\"}"
,
"{\"position\":{\"x\":-0.23116202965916,\"y\":0.198917591003558,\"z\":0.119791821064922},\"sensor\":\"Sensor\"}"
,
"{\"position\":{\"x\":0.0300004532446549,\"y\":-0.864953854423804,\"z\":-0.44788625692183},\"sensor\":\"Sensor\"}"
,
"{\"position\":{\"x\":-0.561396733789164,\"y\":0.923522772273254,\"z\":0.843667322776016},\"sensor\":\"Sensor\"}"
,
"{\"position\":{\"x\":0.477456153332425,\"y\":-0.17396015261971,\"z\":-0.620002523510466},\"sensor\":\"Sensor\"}"
]
